Using pre-set license
Built from '2021.3/staging' branch; Version is '2021.3.24f1 (cf10dcf7010d) revision 13570268'; Using compiler version '192829333'; Build Type 'Release'
OS: 'Windows 10  (10.0.19045) 64bit Professional' Language: 'ja' Physical Memory: 31864 MB
BatchMode: 1, IsHumanControllingUs: 0, StartBugReporterOnCrash: 0, Is64bit: 1, IsPro: 1

COMMAND LINE ARGUMENTS:
C:\Program Files\Unity\Hub\Editor\2021.3.24f1\Editor\Unity.exe
-adb2
-batchMode
-noUpm
-name
AssetImportWorker1
-projectPath
D:/UnityProject/ThetaImageReflectionURPDemo
-logFile
Logs/AssetImportWorker1.log
-srvPort
3187
Successfully changed project path to: D:/UnityProject/ThetaImageReflectionURPDemo
D:/UnityProject/ThetaImageReflectionURPDemo
[UnityMemory] Configuration Parameters - Can be set up in boot.config
    "memorysetup-bucket-allocator-granularity=16"
    "memorysetup-bucket-allocator-bucket-count=8"
    "memorysetup-bucket-allocator-block-size=33554432"
    "memorysetup-bucket-allocator-block-count=8"
    "memorysetup-main-allocator-block-size=16777216"
    "memorysetup-thread-allocator-block-size=16777216"
    "memorysetup-gfx-main-allocator-block-size=16777216"
    "memorysetup-gfx-thread-allocator-block-size=16777216"
    "memorysetup-cache-allocator-block-size=4194304"
    "memorysetup-typetree-allocator-block-size=2097152"
    "memorysetup-profiler-bucket-allocator-granularity=16"
    "memorysetup-profiler-bucket-allocator-bucket-count=8"
    "memorysetup-profiler-bucket-allocator-block-size=33554432"
    "memorysetup-profiler-bucket-allocator-block-count=8"
    "memorysetup-profiler-allocator-block-size=16777216"
    "memorysetup-profiler-editor-allocator-block-size=1048576"
    "memorysetup-temp-allocator-size-main=16777216"
    "memorysetup-job-temp-allocator-block-size=2097152"
    "memorysetup-job-temp-allocator-block-size-background=1048576"
    "memorysetup-job-temp-allocator-reduction-small-platforms=262144"
    "memorysetup-temp-allocator-size-background-worker=32768"
    "memorysetup-temp-allocator-size-job-worker=262144"
    "memorysetup-temp-allocator-size-preload-manager=33554432"
    "memorysetup-temp-allocator-size-nav-mesh-worker=65536"
    "memorysetup-temp-allocator-size-audio-worker=65536"
    "memorysetup-temp-allocator-size-cloud-worker=32768"
    "memorysetup-temp-allocator-size-gi-baking-worker=262144"
    "memorysetup-temp-allocator-size-gfx=262144"
Player connection [62956] Host "[IP] 192.168.0.106 [Port] 0 [Flags] 2 [Guid] 3730768411 [EditorId] 3730768411 [Version] 1048832 [Id] WindowsEditor(7,DESKTOP-UALPSK5) [Debug] 1 [PackageName] WindowsEditor [ProjectName] Editor" joined multi-casting on [225.0.0.222:54997]...

Player connection [62956] Host "[IP] 192.168.0.106 [Port] 0 [Flags] 2 [Guid] 3730768411 [EditorId] 3730768411 [Version] 1048832 [Id] WindowsEditor(7,DESKTOP-UALPSK5) [Debug] 1 [PackageName] WindowsEditor [ProjectName] Editor" joined alternative multi-casting on [225.0.0.222:34997]...

Refreshing native plugins compatible for Editor in 45.42 ms, found 3 plugins.
Preloading 0 native plugins for Editor in 0.00 ms.
Initialize engine version: 2021.3.24f1 (cf10dcf7010d)
[Subsystems] Discovering subsystems at path C:/Program Files/Unity/Hub/Editor/2021.3.24f1/Editor/Data/Resources/UnitySubsystems
[Subsystems] Discovering subsystems at path D:/UnityProject/ThetaImageReflectionURPDemo/Assets
GfxDevice: creating device client; threaded=0; jobified=0
Direct3D:
    Version:  Direct3D 11.0 [level 11.1]
    Renderer: NVIDIA GeForce GTX 1660 Ti (ID=0x2182)
    Vendor:   NVIDIA
    VRAM:     5979 MB
    Driver:   31.0.15.3713
Initialize mono
Mono path[0] = 'C:/Program Files/Unity/Hub/Editor/2021.3.24f1/Editor/Data/Managed'
Mono path[1] = 'C:/Program Files/Unity/Hub/Editor/2021.3.24f1/Editor/Data/MonoBleedingEdge/lib/mono/unityjit-win32'
Mono config path = 'C:/Program Files/Unity/Hub/Editor/2021.3.24f1/Editor/Data/MonoBleedingEdge/etc'
Using monoOptions --debugger-agent=transport=dt_socket,embedding=1,server=y,suspend=n,address=127.0.0.1:56012
Begin MonoManager ReloadAssembly
Registering precompiled unity dll's ...
Register platform support module: C:/Program Files/Unity/Hub/Editor/2021.3.24f1/Editor/Data/PlaybackEngines/WindowsStandaloneSupport/UnityEditor.WindowsStandalone.Extensions.dll
Registered in 0.005041 seconds.
Native extension for WindowsStandalone target not found
Refreshing native plugins compatible for Editor in 36.07 ms, found 3 plugins.
Preloading 0 native plugins for Editor in 0.00 ms.
Mono: successfully reloaded assembly
- Completed reload, in  0.480 seconds
Domain Reload Profiling:
	ReloadAssembly (481ms)
		BeginReloadAssembly (69ms)
			ExecutionOrderSort (0ms)
			DisableScriptedObjects (0ms)
			BackupInstance (0ms)
			ReleaseScriptingObjects (0ms)
			CreateAndSetChildDomain (0ms)
		EndReloadAssembly (341ms)
			LoadAssemblies (66ms)
			RebuildTransferFunctionScriptingTraits (0ms)
			SetupTypeCache (68ms)
			ReleaseScriptCaches (0ms)
			RebuildScriptCaches (20ms)
			SetupLoadedEditorAssemblies (219ms)
				LogAssemblyErrors (0ms)
				InitializePlatformSupportModulesInManaged (7ms)
				SetLoadedEditorAssemblies (0ms)
				RefreshPlugins (36ms)
				BeforeProcessingInitializeOnLoad (1ms)
				ProcessInitializeOnLoadAttributes (133ms)
				ProcessInitializeOnLoadMethodAttributes (43ms)
				AfterProcessingInitializeOnLoad (0ms)
				EditorAssembliesLoaded (0ms)
			ExecutionOrderSort2 (0ms)
			AwakeInstancesAfterBackupRestoration (0ms)
Platform modules already initialized, skipping
Registering precompiled user dll's ...
Registered in 0.002947 seconds.
Begin MonoManager ReloadAssembly
Symbol file LoadedFromMemory doesn't match image D:\UnityProject\ThetaImageReflectionURPDemo\Library\PackageCache\com.unity.visualscripting@1.7.6\Editor\VisualScripting.Core\Dependencies\YamlDotNet\Unity.VisualScripting.YamlDotNet.dll
Symbol file LoadedFromMemory doesn't match image D:\UnityProject\ThetaImageReflectionURPDemo\Library\PackageCache\com.unity.visualscripting@1.7.6\Editor\VisualScripting.Core\Dependencies\DotNetZip\Unity.VisualScripting.IonicZip.dll
Native extension for WindowsStandalone target not found
Refreshing native plugins compatible for Editor in 0.51 ms, found 3 plugins.
Preloading 0 native plugins for Editor in 0.00 ms.
Mono: successfully reloaded assembly
- Completed reload, in  1.816 seconds
Domain Reload Profiling:
	ReloadAssembly (1818ms)
		BeginReloadAssembly (252ms)
			ExecutionOrderSort (0ms)
			DisableScriptedObjects (6ms)
			BackupInstance (0ms)
			ReleaseScriptingObjects (0ms)
			CreateAndSetChildDomain (82ms)
		EndReloadAssembly (1473ms)
			LoadAssemblies (240ms)
			RebuildTransferFunctionScriptingTraits (0ms)
			SetupTypeCache (172ms)
			ReleaseScriptCaches (0ms)
			RebuildScriptCaches (44ms)
			SetupLoadedEditorAssemblies (1060ms)
				LogAssemblyErrors (0ms)
				InitializePlatformSupportModulesInManaged (4ms)
				SetLoadedEditorAssemblies (0ms)
				RefreshPlugins (1ms)
				BeforeProcessingInitializeOnLoad (80ms)
				ProcessInitializeOnLoadAttributes (939ms)
				ProcessInitializeOnLoadMethodAttributes (17ms)
				AfterProcessingInitializeOnLoad (20ms)
				EditorAssembliesLoaded (0ms)
			ExecutionOrderSort2 (0ms)
			AwakeInstancesAfterBackupRestoration (6ms)
Platform modules already initialized, skipping
========================================================================
Worker process is ready to serve import requests
Launched and connected shader compiler UnityShaderCompiler.exe after 0.27 seconds
Refreshing native plugins compatible for Editor in 0.76 ms, found 3 plugins.
Preloading 0 native plugins for Editor in 0.00 ms.
Unloading 3279 Unused Serialized files (Serialized files now loaded: 0)
Unloading 18 unused Assets / (58.7 KB). Loaded Objects now: 3734.
Memory consumption went from 110.4 MB to 110.4 MB.
Total: 116.573600 ms (FindLiveObjects: 0.455100 ms CreateObjectMapping: 0.199000 ms MarkObjects: 115.782400 ms  DeleteObjects: 0.135700 ms)

AssetImportParameters requested are different than current active one (requested -> active):
  custom:video-decoder-ogg-theora: a1e56fd34408186e4bbccfd4996cb3dc -> 
  custom:container-muxer-webm: aa71ff27fc2769a1b78a27578f13a17b -> 
  custom:container-demuxer-webm: 4f35f7cbe854078d1ac9338744f61a02 -> 
  custom:video-encoder-webm-vp8: eb34c28f22e8b96e1ab97ce403110664 -> 
  custom:video-codec-MediaFoundation-h265: e54d7ab0439102e2317fc1e4b246158d -> 
  custom:audio-encoder-webm-vorbis: bf7c407c2cedff20999df2af8eb42d56 -> 
  custom:framework-win-MediaFoundation: 216162199b28c13a410421893ffa2e32 -> 
  custom:container-demuxer-ogg: 62fdf1f143b41e24485cea50d1cbac27 -> 
  custom:video-decoder-webm-vp8: 9c59270c3fd7afecdb556c50c9e8de78 -> 
  custom:audio-decoder-ogg-vorbis: bf7c407c2cedff20999df2af8eb42d56 -> 
========================================================================
Received Prepare
Registering precompiled user dll's ...
Registered in 0.000423 seconds.
Required property 'name' not set (Packages/com.unity.visualscripting/Editor/VisualScripting.Flow/Unity.VisualScripting.Flow.Editor.asmdef)
Required property 'name' not set (Packages/com.unity.services.core/Editor/Core/Unity.Services.Core.Editor.asmdef)
Required property 'name' not set (Packages/com.unity.services.core/Editor/Core/Configuration/Unity.Services.Core.Configuration.Editor.asmdef)
Required property 'name' not set (Packages/com.unity.services.core/Runtime/Analytics/Unity.Services.Core.Analytics.asmdef)
Required property 'name' not set (Packages/com.unity.services.core/Runtime/Registration/Unity.Services.Core.Registration.asmdef)
Required property 'name' not set (Packages/com.unity.visualscripting/Editor/VisualScripting.Shared/Unity.VisualScripting.Shared.Editor.asmdef)
Required property 'name' not set (Packages/com.unity.services.core/Runtime/Telemetry/Unity.Services.Core.Telemetry.asmdef)
Required property 'name' not set (Packages/com.unity.services.core/Runtime/Environments/Unity.Services.Core.Environments.asmdef)
Required property 'name' not set (Packages/com.unity.ide.visualstudio/Editor/com.unity.ide.visualstudio.asmdef)
Required property 'name' not set (Packages/com.unity.services.core/Runtime/Scheduler/Unity.Services.Core.Scheduler.asmdef)
Required property 'name' not set (Packages/com.unity.services.core/Runtime/Environments/Internal/Unity.Services.Core.Environments.Internal.asmdef)
Required property 'name' not set (Packages/com.unity.visualscripting/Editor/VisualScripting.Core/Unity.VisualScripting.Core.Editor.asmdef)
Required property 'name' not set (Packages/com.unity.visualscripting/Editor/VisualScripting.State/Unity.VisualScripting.State.Editor.asmdef)
Required property 'name' not set (Packages/com.unity.services.core/Runtime/Threading/Unity.Services.Core.Threading.asmdef)
Required property 'name' not set (Packages/com.unity.collab-proxy/Editor/Collaborate/Unity.CollabProxy.Editor.asmdef)
Required property 'name' not set (Packages/com.unity.collab-proxy/Tests/Editor/Collaborate/Unity.CollabProxy.EditorTests.asmdef)
Required property 'name' not set (Packages/com.unity.visualscripting/Editor/SettingsProvider/Unity.VisualScripting.SettingsProvider.Editor.asmdef)
Required property 'name' not set (Packages/com.unity.visualscripting/Runtime/VisualScripting.Flow/Unity.VisualScripting.Flow.asmdef)
Required property 'name' not set (Packages/com.unity.collab-proxy/Editor/PlasticSCM/Unity.PlasticSCM.Editor.asmdef)
Required property 'name' not set (Packages/com.unity.collab-proxy/Tests/Editor/PlasticSCM/Unity.PlasticSCM.EditorTests.asmdef)
Required property 'name' not set (Packages/com.unity.ide.rider/Rider/Editor/com.unity.ide.rider.asmdef)
Required property 'name' not set (Packages/com.unity.services.core/Runtime/Networking/Unity.Services.Core.Networking.asmdef)
Required property 'name' not set (Packages/com.unity.services.core/Runtime/Core.Internal/Unity.Services.Core.Internal.asmdef)
Required property 'name' not set (Packages/com.unity.services.core/Runtime/Configuration/Unity.Services.Core.Configuration.asmdef)
Required property 'name' not set (Packages/com.unity.services.core/Runtime/Core/Unity.Services.Core.asmdef)
Required property 'name' not set (Packages/com.unity.visualscripting/Runtime/VisualScripting.State/Unity.VisualScripting.State.asmdef)
Required property 'name' not set (Packages/com.unity.visualscripting/Runtime/VisualScripting.Core/Unity.VisualScripting.Core.asmdef)
Required property 'name' not set (Packages/com.unity.services.core/Runtime/Device/Unity.Services.Core.Device.asmdef)
Required property 'name' not set (Packages/com.unity.visualscripting/Editor/VisualScripting.Flow/Unity.VisualScripting.Flow.Editor.asmdef)
Required property 'name' not set (Packages/com.unity.services.core/Editor/Core/Unity.Services.Core.Editor.asmdef)
Required property 'name' not set (Packages/com.unity.services.core/Editor/Core/Configuration/Unity.Services.Core.Configuration.Editor.asmdef)
Required property 'name' not set (Packages/com.unity.services.core/Runtime/Analytics/Unity.Services.Core.Analytics.asmdef)
Required property 'name' not set (Packages/com.unity.services.core/Runtime/Registration/Unity.Services.Core.Registration.asmdef)
Required property 'name' not set (Packages/com.unity.visualscripting/Editor/VisualScripting.Shared/Unity.VisualScripting.Shared.Editor.asmdef)
Required property 'name' not set (Packages/com.unity.services.core/Runtime/Telemetry/Unity.Services.Core.Telemetry.asmdef)
Required property 'name' not set (Packages/com.unity.services.core/Runtime/Environments/Unity.Services.Core.Environments.asmdef)
Required property 'name' not set (Packages/com.unity.ide.visualstudio/Editor/com.unity.ide.visualstudio.asmdef)
Required property 'name' not set (Packages/com.unity.services.core/Runtime/Scheduler/Unity.Services.Core.Scheduler.asmdef)
Required property 'name' not set (Packages/com.unity.services.core/Runtime/Environments/Internal/Unity.Services.Core.Environments.Internal.asmdef)
Required property 'name' not set (Packages/com.unity.visualscripting/Editor/VisualScripting.Core/Unity.VisualScripting.Core.Editor.asmdef)
Required property 'name' not set (Packages/com.unity.visualscripting/Editor/VisualScripting.State/Unity.VisualScripting.State.Editor.asmdef)
Required property 'name' not set (Packages/com.unity.services.core/Runtime/Threading/Unity.Services.Core.Threading.asmdef)
Required property 'name' not set (Packages/com.unity.collab-proxy/Editor/Collaborate/Unity.CollabProxy.Editor.asmdef)
Required property 'name' not set (Packages/com.unity.collab-proxy/Tests/Editor/Collaborate/Unity.CollabProxy.EditorTests.asmdef)
Required property 'name' not set (Packages/com.unity.visualscripting/Editor/SettingsProvider/Unity.VisualScripting.SettingsProvider.Editor.asmdef)
Required property 'name' not set (Packages/com.unity.visualscripting/Runtime/VisualScripting.Flow/Unity.VisualScripting.Flow.asmdef)
Required property 'name' not set (Packages/com.unity.collab-proxy/Editor/PlasticSCM/Unity.PlasticSCM.Editor.asmdef)
Required property 'name' not set (Packages/com.unity.collab-proxy/Tests/Editor/PlasticSCM/Unity.PlasticSCM.EditorTests.asmdef)
Required property 'name' not set (Packages/com.unity.ide.rider/Rider/Editor/com.unity.ide.rider.asmdef)
Required property 'name' not set (Packages/com.unity.services.core/Runtime/Networking/Unity.Services.Core.Networking.asmdef)
Required property 'name' not set (Packages/com.unity.services.core/Runtime/Core.Internal/Unity.Services.Core.Internal.asmdef)
Required property 'name' not set (Packages/com.unity.services.core/Runtime/Configuration/Unity.Services.Core.Configuration.asmdef)
Required property 'name' not set (Packages/com.unity.services.core/Runtime/Core/Unity.Services.Core.asmdef)
Required property 'name' not set (Packages/com.unity.visualscripting/Runtime/VisualScripting.State/Unity.VisualScripting.State.asmdef)
Required property 'name' not set (Packages/com.unity.visualscripting/Runtime/VisualScripting.Core/Unity.VisualScripting.Core.asmdef)
Required property 'name' not set (Packages/com.unity.services.core/Runtime/Device/Unity.Services.Core.Device.asmdef)
Begin MonoManager ReloadAssembly
Native extension for WindowsStandalone target not found
Refreshing native plugins compatible for Editor in 0.51 ms, found 3 plugins.
Preloading 0 native plugins for Editor in 0.00 ms.
Required property 'name' not set (Packages/com.unity.visualscripting/Editor/VisualScripting.Flow/Unity.VisualScripting.Flow.Editor.asmdef)
Required property 'name' not set (Packages/com.unity.services.core/Editor/Core/Unity.Services.Core.Editor.asmdef)
Required property 'name' not set (Packages/com.unity.services.core/Editor/Core/Configuration/Unity.Services.Core.Configuration.Editor.asmdef)
Required property 'name' not set (Packages/com.unity.services.core/Runtime/Analytics/Unity.Services.Core.Analytics.asmdef)
Required property 'name' not set (Packages/com.unity.services.core/Runtime/Registration/Unity.Services.Core.Registration.asmdef)
Required property 'name' not set (Packages/com.unity.visualscripting/Editor/VisualScripting.Shared/Unity.VisualScripting.Shared.Editor.asmdef)
Required property 'name' not set (Packages/com.unity.services.core/Runtime/Telemetry/Unity.Services.Core.Telemetry.asmdef)
Required property 'name' not set (Packages/com.unity.services.core/Runtime/Environments/Unity.Services.Core.Environments.asmdef)
Required property 'name' not set (Packages/com.unity.ide.visualstudio/Editor/com.unity.ide.visualstudio.asmdef)
Required property 'name' not set (Packages/com.unity.services.core/Runtime/Scheduler/Unity.Services.Core.Scheduler.asmdef)
Required property 'name' not set (Packages/com.unity.services.core/Runtime/Environments/Internal/Unity.Services.Core.Environments.Internal.asmdef)
Required property 'name' not set (Packages/com.unity.visualscripting/Editor/VisualScripting.Core/Unity.VisualScripting.Core.Editor.asmdef)
Required property 'name' not set (Packages/com.unity.visualscripting/Editor/VisualScripting.State/Unity.VisualScripting.State.Editor.asmdef)
Required property 'name' not set (Packages/com.unity.services.core/Runtime/Threading/Unity.Services.Core.Threading.asmdef)
Required property 'name' not set (Packages/com.unity.collab-proxy/Editor/Collaborate/Unity.CollabProxy.Editor.asmdef)
Required property 'name' not set (Packages/com.unity.collab-proxy/Tests/Editor/Collaborate/Unity.CollabProxy.EditorTests.asmdef)
Required property 'name' not set (Packages/com.unity.visualscripting/Editor/SettingsProvider/Unity.VisualScripting.SettingsProvider.Editor.asmdef)
Required property 'name' not set (Packages/com.unity.visualscripting/Runtime/VisualScripting.Flow/Unity.VisualScripting.Flow.asmdef)
Required property 'name' not set (Packages/com.unity.collab-proxy/Editor/PlasticSCM/Unity.PlasticSCM.Editor.asmdef)
Required property 'name' not set (Packages/com.unity.collab-proxy/Tests/Editor/PlasticSCM/Unity.PlasticSCM.EditorTests.asmdef)
Required property 'name' not set (Packages/com.unity.ide.rider/Rider/Editor/com.unity.ide.rider.asmdef)
Required property 'name' not set (Packages/com.unity.services.core/Runtime/Networking/Unity.Services.Core.Networking.asmdef)
Required property 'name' not set (Packages/com.unity.services.core/Runtime/Core.Internal/Unity.Services.Core.Internal.asmdef)
Required property 'name' not set (Packages/com.unity.services.core/Runtime/Configuration/Unity.Services.Core.Configuration.asmdef)
Required property 'name' not set (Packages/com.unity.services.core/Runtime/Core/Unity.Services.Core.asmdef)
Required property 'name' not set (Packages/com.unity.visualscripting/Runtime/VisualScripting.State/Unity.VisualScripting.State.asmdef)
Required property 'name' not set (Packages/com.unity.visualscripting/Runtime/VisualScripting.Core/Unity.VisualScripting.Core.asmdef)
Required property 'name' not set (Packages/com.unity.services.core/Runtime/Device/Unity.Services.Core.Device.asmdef)
Mono: successfully reloaded assembly
- Completed reload, in  0.616 seconds
Domain Reload Profiling:
	ReloadAssembly (616ms)
		BeginReloadAssembly (90ms)
			ExecutionOrderSort (0ms)
			DisableScriptedObjects (3ms)
			BackupInstance (0ms)
			ReleaseScriptingObjects (0ms)
			CreateAndSetChildDomain (19ms)
		EndReloadAssembly (464ms)
			LoadAssemblies (51ms)
			RebuildTransferFunctionScriptingTraits (0ms)
			SetupTypeCache (82ms)
			ReleaseScriptCaches (0ms)
			RebuildScriptCaches (118ms)
			SetupLoadedEditorAssemblies (195ms)
				LogAssemblyErrors (0ms)
				InitializePlatformSupportModulesInManaged (6ms)
				SetLoadedEditorAssemblies (0ms)
				RefreshPlugins (1ms)
				BeforeProcessingInitializeOnLoad (88ms)
				ProcessInitializeOnLoadAttributes (79ms)
				ProcessInitializeOnLoadMethodAttributes (14ms)
				AfterProcessingInitializeOnLoad (7ms)
				EditorAssembliesLoaded (0ms)
			ExecutionOrderSort2 (0ms)
			AwakeInstancesAfterBackupRestoration (4ms)
Platform modules already initialized, skipping
Refreshing native plugins compatible for Editor in 1.24 ms, found 3 plugins.
Preloading 0 native plugins for Editor in 0.00 ms.
Unloading 3272 Unused Serialized files (Serialized files now loaded: 0)
Unloading 16 unused Assets / (24.6 KB). Loaded Objects now: 3739.
Memory consumption went from 110.2 MB to 110.2 MB.
Total: 1.719400 ms (FindLiveObjects: 0.211300 ms CreateObjectMapping: 0.048400 ms MarkObjects: 1.445700 ms  DeleteObjects: 0.013400 ms)

AssetImportParameters requested are different than current active one (requested -> active):
  custom:video-decoder-ogg-theora: a1e56fd34408186e4bbccfd4996cb3dc -> 
  custom:container-muxer-webm: aa71ff27fc2769a1b78a27578f13a17b -> 
  custom:container-demuxer-webm: 4f35f7cbe854078d1ac9338744f61a02 -> 
  custom:video-encoder-webm-vp8: eb34c28f22e8b96e1ab97ce403110664 -> 
  custom:video-codec-MediaFoundation-h265: e54d7ab0439102e2317fc1e4b246158d -> 
  custom:audio-encoder-webm-vorbis: bf7c407c2cedff20999df2af8eb42d56 -> 
  custom:framework-win-MediaFoundation: 216162199b28c13a410421893ffa2e32 -> 
  custom:container-demuxer-ogg: 62fdf1f143b41e24485cea50d1cbac27 -> 
  custom:video-decoder-webm-vp8: 9c59270c3fd7afecdb556c50c9e8de78 -> 
  custom:audio-decoder-ogg-vorbis: bf7c407c2cedff20999df2af8eb42d56 -> 
========================================================================
Received Prepare
Registering precompiled user dll's ...
Registered in 0.002385 seconds.
Required property 'name' not set (Packages/com.unity.services.core/Editor/Core/Unity.Services.Core.Editor.asmdef)
Required property 'name' not set (Packages/com.unity.services.core/Editor/Core/Configuration/Unity.Services.Core.Configuration.Editor.asmdef)
Required property 'name' not set (Packages/com.unity.services.core/Runtime/Analytics/Unity.Services.Core.Analytics.asmdef)
Required property 'name' not set (Packages/com.unity.services.core/Runtime/Registration/Unity.Services.Core.Registration.asmdef)
Required property 'name' not set (Packages/com.unity.services.core/Runtime/Telemetry/Unity.Services.Core.Telemetry.asmdef)
Required property 'name' not set (Packages/com.unity.services.core/Runtime/Environments/Unity.Services.Core.Environments.asmdef)
Required property 'name' not set (Packages/com.unity.services.core/Runtime/Scheduler/Unity.Services.Core.Scheduler.asmdef)
Required property 'name' not set (Packages/com.unity.services.core/Runtime/Environments/Internal/Unity.Services.Core.Environments.Internal.asmdef)
Required property 'name' not set (Packages/com.unity.services.core/Runtime/Threading/Unity.Services.Core.Threading.asmdef)
Required property 'name' not set (Packages/com.unity.collab-proxy/Editor/Collaborate/Unity.CollabProxy.Editor.asmdef)
Required property 'name' not set (Packages/com.unity.collab-proxy/Tests/Editor/Collaborate/Unity.CollabProxy.EditorTests.asmdef)
Required property 'name' not set (Packages/com.unity.collab-proxy/Tests/Editor/PlasticSCM/Unity.PlasticSCM.EditorTests.asmdef)
Required property 'name' not set (Packages/com.unity.services.core/Runtime/Networking/Unity.Services.Core.Networking.asmdef)
Required property 'name' not set (Packages/com.unity.services.core/Runtime/Core.Internal/Unity.Services.Core.Internal.asmdef)
Required property 'name' not set (Packages/com.unity.services.core/Runtime/Configuration/Unity.Services.Core.Configuration.asmdef)
Required property 'name' not set (Packages/com.unity.services.core/Runtime/Core/Unity.Services.Core.asmdef)
Required property 'name' not set (Packages/com.unity.services.core/Runtime/Device/Unity.Services.Core.Device.asmdef)
Required property 'name' not set (Packages/com.unity.services.core/Editor/Core/Unity.Services.Core.Editor.asmdef)
Required property 'name' not set (Packages/com.unity.services.core/Editor/Core/Configuration/Unity.Services.Core.Configuration.Editor.asmdef)
Required property 'name' not set (Packages/com.unity.services.core/Runtime/Analytics/Unity.Services.Core.Analytics.asmdef)
Required property 'name' not set (Packages/com.unity.services.core/Runtime/Registration/Unity.Services.Core.Registration.asmdef)
Required property 'name' not set (Packages/com.unity.services.core/Runtime/Telemetry/Unity.Services.Core.Telemetry.asmdef)
Required property 'name' not set (Packages/com.unity.services.core/Runtime/Environments/Unity.Services.Core.Environments.asmdef)
Required property 'name' not set (Packages/com.unity.services.core/Runtime/Scheduler/Unity.Services.Core.Scheduler.asmdef)
Required property 'name' not set (Packages/com.unity.services.core/Runtime/Environments/Internal/Unity.Services.Core.Environments.Internal.asmdef)
Required property 'name' not set (Packages/com.unity.services.core/Runtime/Threading/Unity.Services.Core.Threading.asmdef)
Required property 'name' not set (Packages/com.unity.collab-proxy/Editor/Collaborate/Unity.CollabProxy.Editor.asmdef)
Required property 'name' not set (Packages/com.unity.collab-proxy/Tests/Editor/Collaborate/Unity.CollabProxy.EditorTests.asmdef)
Required property 'name' not set (Packages/com.unity.collab-proxy/Tests/Editor/PlasticSCM/Unity.PlasticSCM.EditorTests.asmdef)
Required property 'name' not set (Packages/com.unity.services.core/Runtime/Networking/Unity.Services.Core.Networking.asmdef)
Required property 'name' not set (Packages/com.unity.services.core/Runtime/Core.Internal/Unity.Services.Core.Internal.asmdef)
Required property 'name' not set (Packages/com.unity.services.core/Runtime/Configuration/Unity.Services.Core.Configuration.asmdef)
Required property 'name' not set (Packages/com.unity.services.core/Runtime/Core/Unity.Services.Core.asmdef)
Required property 'name' not set (Packages/com.unity.services.core/Runtime/Device/Unity.Services.Core.Device.asmdef)
Begin MonoManager ReloadAssembly
Symbol file LoadedFromMemory doesn't match image D:\UnityProject\ThetaImageReflectionURPDemo\Library\PackageCache\com.unity.visualscripting@1.8.0\Editor\VisualScripting.Core\Dependencies\YamlDotNet\Unity.VisualScripting.YamlDotNet.dll
Symbol file LoadedFromMemory doesn't match image D:\UnityProject\ThetaImageReflectionURPDemo\Library\PackageCache\com.unity.visualscripting@1.8.0\Editor\VisualScripting.Core\Dependencies\DotNetZip\Unity.VisualScripting.IonicZip.dll
Native extension for WindowsStandalone target not found
Refreshing native plugins compatible for Editor in 62.81 ms, found 3 plugins.
Preloading 0 native plugins for Editor in 0.00 ms.
Required property 'name' not set (Packages/com.unity.services.core/Editor/Core/Unity.Services.Core.Editor.asmdef)
Required property 'name' not set (Packages/com.unity.services.core/Editor/Core/Configuration/Unity.Services.Core.Configuration.Editor.asmdef)
Required property 'name' not set (Packages/com.unity.services.core/Runtime/Analytics/Unity.Services.Core.Analytics.asmdef)
Required property 'name' not set (Packages/com.unity.services.core/Runtime/Registration/Unity.Services.Core.Registration.asmdef)
Required property 'name' not set (Packages/com.unity.services.core/Runtime/Telemetry/Unity.Services.Core.Telemetry.asmdef)
Required property 'name' not set (Packages/com.unity.services.core/Runtime/Environments/Unity.Services.Core.Environments.asmdef)
Required property 'name' not set (Packages/com.unity.services.core/Runtime/Scheduler/Unity.Services.Core.Scheduler.asmdef)
Required property 'name' not set (Packages/com.unity.services.core/Runtime/Environments/Internal/Unity.Services.Core.Environments.Internal.asmdef)
Required property 'name' not set (Packages/com.unity.services.core/Runtime/Threading/Unity.Services.Core.Threading.asmdef)
Required property 'name' not set (Packages/com.unity.collab-proxy/Editor/Collaborate/Unity.CollabProxy.Editor.asmdef)
Required property 'name' not set (Packages/com.unity.collab-proxy/Tests/Editor/Collaborate/Unity.CollabProxy.EditorTests.asmdef)
Required property 'name' not set (Packages/com.unity.collab-proxy/Tests/Editor/PlasticSCM/Unity.PlasticSCM.EditorTests.asmdef)
Required property 'name' not set (Packages/com.unity.services.core/Runtime/Networking/Unity.Services.Core.Networking.asmdef)
Required property 'name' not set (Packages/com.unity.services.core/Runtime/Core.Internal/Unity.Services.Core.Internal.asmdef)
Required property 'name' not set (Packages/com.unity.services.core/Runtime/Configuration/Unity.Services.Core.Configuration.asmdef)
Required property 'name' not set (Packages/com.unity.services.core/Runtime/Core/Unity.Services.Core.asmdef)
Required property 'name' not set (Packages/com.unity.services.core/Runtime/Device/Unity.Services.Core.Device.asmdef)
Mono: successfully reloaded assembly
- Completed reload, in  0.778 seconds
Domain Reload Profiling:
	ReloadAssembly (778ms)
		BeginReloadAssembly (84ms)
			ExecutionOrderSort (0ms)
			DisableScriptedObjects (4ms)
			BackupInstance (0ms)
			ReleaseScriptingObjects (0ms)
			CreateAndSetChildDomain (18ms)
		EndReloadAssembly (635ms)
			LoadAssemblies (61ms)
			RebuildTransferFunctionScriptingTraits (0ms)
			SetupTypeCache (162ms)
			ReleaseScriptCaches (1ms)
			RebuildScriptCaches (50ms)
			SetupLoadedEditorAssemblies (324ms)
				LogAssemblyErrors (0ms)
				InitializePlatformSupportModulesInManaged (4ms)
				SetLoadedEditorAssemblies (0ms)
				RefreshPlugins (63ms)
				BeforeProcessingInitializeOnLoad (51ms)
				ProcessInitializeOnLoadAttributes (150ms)
				ProcessInitializeOnLoadMethodAttributes (48ms)
				AfterProcessingInitializeOnLoad (7ms)
				EditorAssembliesLoaded (0ms)
			ExecutionOrderSort2 (0ms)
			AwakeInstancesAfterBackupRestoration (4ms)
Platform modules already initialized, skipping
NullReferenceException: Object reference not set to an instance of an object
  at UnityEngine.Rendering.Universal.UniversalRenderPipelineAsset.CreatePipeline () [0x0004b] in D:\UnityProject\ThetaImageReflectionURPDemo\Library\PackageCache\com.unity.render-pipelines.universal@12.1.11\Runtime\Data\UniversalRenderPipelineAsset.cs:466 
  at UnityEngine.Rendering.Universal.UniversalRenderPipelineAsset.get_scriptableRendererData () [0x00018] in D:\UnityProject\ThetaImageReflectionURPDemo\Library\PackageCache\com.unity.render-pipelines.universal@12.1.11\Runtime\Data\UniversalRenderPipelineAsset.cs:624 
  at UnityEngine.Rendering.Universal.UniversalRenderPipelineAsset.get_defaultShader () [0x00001] in D:\UnityProject\ThetaImageReflectionURPDemo\Library\PackageCache\com.unity.render-pipelines.universal@12.1.11\Runtime\Data\UniversalRenderPipelineAsset.cs:1145 

(Filename: Library/PackageCache/com.unity.render-pipelines.universal@12.1.11/Runtime/Data/UniversalRenderPipelineAsset.cs Line: 466)

Refreshing native plugins compatible for Editor in 1.94 ms, found 3 plugins.
Preloading 0 native plugins for Editor in 0.00 ms.
Unloading 4666 Unused Serialized files (Serialized files now loaded: 0)
Unloading 484 unused Assets / (7.1 MB). Loaded Objects now: 5057.
Memory consumption went from 184.1 MB to 176.9 MB.
Total: 4.632000 ms (FindLiveObjects: 0.431000 ms CreateObjectMapping: 0.102100 ms MarkObjects: 1.888400 ms  DeleteObjects: 2.209500 ms)

NullReferenceException: Object reference not set to an instance of an object
  at UnityEngine.Rendering.Universal.UniversalRenderPipelineAsset.CreatePipeline () [0x0004b] in D:\UnityProject\ThetaImageReflectionURPDemo\Library\PackageCache\com.unity.render-pipelines.universal@12.1.11\Runtime\Data\UniversalRenderPipelineAsset.cs:466 
  at UnityEngine.Rendering.Universal.UniversalRenderPipelineAsset.get_scriptableRendererData () [0x00018] in D:\UnityProject\ThetaImageReflectionURPDemo\Library\PackageCache\com.unity.render-pipelines.universal@12.1.11\Runtime\Data\UniversalRenderPipelineAsset.cs:624 
  at UnityEngine.Rendering.Universal.UniversalRenderPipelineAsset.get_defaultShader () [0x00001] in D:\UnityProject\ThetaImageReflectionURPDemo\Library\PackageCache\com.unity.render-pipelines.universal@12.1.11\Runtime\Data\UniversalRenderPipelineAsset.cs:1145 

(Filename: Library/PackageCache/com.unity.render-pipelines.universal@12.1.11/Runtime/Data/UniversalRenderPipelineAsset.cs Line: 466)

AssetImportParameters requested are different than current active one (requested -> active):
  custom:video-decoder-ogg-theora: a1e56fd34408186e4bbccfd4996cb3dc -> 
  custom:container-muxer-webm: aa71ff27fc2769a1b78a27578f13a17b -> 
  custom:container-demuxer-webm: 4f35f7cbe854078d1ac9338744f61a02 -> 
  custom:srp/default-shader: 0000e00a000e0de00000e000e0000000 -> 00a0da0d000000000000000000000000
  custom:video-encoder-webm-vp8: eb34c28f22e8b96e1ab97ce403110664 -> 
  custom:video-codec-MediaFoundation-h265: e54d7ab0439102e2317fc1e4b246158d -> 
  custom:audio-encoder-webm-vorbis: bf7c407c2cedff20999df2af8eb42d56 -> 
  custom:framework-win-MediaFoundation: 216162199b28c13a410421893ffa2e32 -> 
  custom:container-demuxer-ogg: 62fdf1f143b41e24485cea50d1cbac27 -> 
  custom:video-decoder-webm-vp8: 9c59270c3fd7afecdb556c50c9e8de78 -> 
  custom:audio-decoder-ogg-vorbis: bf7c407c2cedff20999df2af8eb42d56 -> 
